<?xml version="1.0" encoding="UTF-8"?>
<!-- Generated by org.testng.reporters.JUnitXMLReporter -->
<testsuite ignored="0" hostname="DESKTOP-GFGE941" failures="0" tests="2" name="Default test" time="3.746" errors="0" timestamp="2023-10-12T23:39:23 JST">
  <testcase classname="automation.testsuite.Day8_HW2_LocatorElement" name="findLocatorById" time="0.07"/>
  <testcase classname="automation.testsuite.Day8_HW2_LocatorElement" name="findLocatorByName" time="0.073"/>
</testsuite> <!-- Default test -->
