<?xml version="1.0" encoding="UTF-8"?>
<testng-results ignored="0" total="2" passed="2" failed="0" skipped="0">
  <reporter-output>
  </reporter-output>
  <suite started-at="2023-10-12T23:39:19 JST" name="Default suite" finished-at="2023-10-12T23:39:23 JST" duration-ms="3746">
    <groups>
    </groups>
    <test started-at="2023-10-12T23:39:19 JST" name="Default test" finished-at="2023-10-12T23:39:23 JST" duration-ms="3746">
      <class name="automation.testsuite.Day8_HW2_LocatorElement">
        <test-method is-config="true" signature="initChromeWebDriver()[pri:0, instance:automation.testsuite.Day8_HW2_LocatorElement@50378a4]" started-at="2023-10-12T23:39:19 JST" name="initChromeWebDriver" finished-at="2023-10-12T23:39:21 JST" duration-ms="2057" status="PASS">
          <reporter-output>
          </reporter-output>
        </test-method> <!-- initChromeWebDriver -->
        <test-method signature="findLocatorById()[pri:0, instance:automation.testsuite.Day8_HW2_LocatorElement@50378a4]" started-at="2023-10-12T23:39:21 JST" name="findLocatorById" finished-at="2023-10-12T23:39:21 JST" duration-ms="70" status="PASS">
          <reporter-output>
          </reporter-output>
        </test-method> <!-- findLocatorById -->
        <test-method is-config="true" signature="closeChrome()[pri:0, instance:automation.testsuite.Day8_HW2_LocatorElement@50378a4]" started-at="2023-10-12T23:39:21 JST" name="closeChrome" finished-at="2023-10-12T23:39:21 JST" duration-ms="126" status="PASS">
          <reporter-output>
          </reporter-output>
        </test-method> <!-- closeChrome -->
        <test-method is-config="true" signature="initChromeWebDriver()[pri:0, instance:automation.testsuite.Day8_HW2_LocatorElement@50378a4]" started-at="2023-10-12T23:39:21 JST" name="initChromeWebDriver" finished-at="2023-10-12T23:39:23 JST" duration-ms="1271" status="PASS">
          <reporter-output>
          </reporter-output>
        </test-method> <!-- initChromeWebDriver -->
        <test-method signature="findLocatorByName()[pri:0, instance:automation.testsuite.Day8_HW2_LocatorElement@50378a4]" started-at="2023-10-12T23:39:23 JST" name="findLocatorByName" finished-at="2023-10-12T23:39:23 JST" duration-ms="73" status="PASS">
          <reporter-output>
          </reporter-output>
        </test-method> <!-- findLocatorByName -->
        <test-method is-config="true" signature="closeChrome()[pri:0, instance:automation.testsuite.Day8_HW2_LocatorElement@50378a4]" started-at="2023-10-12T23:39:23 JST" name="closeChrome" finished-at="2023-10-12T23:39:23 JST" duration-ms="115" status="PASS">
          <reporter-output>
          </reporter-output>
        </test-method> <!-- closeChrome -->
      </class> <!-- automation.testsuite.Day8_HW2_LocatorElement -->
    </test> <!-- Default test -->
  </suite> <!-- Default suite -->
</testng-results>
